<?xml version="1.0" encoding="UTF-8"?>
<!-- Generated by org.testng.reporters.JUnitReportReporter -->
<testsuite skipped="0" hostname="LAPTOP-VIR37QJQ" name="pageObjectModel.testingCybertek" tests="1" failures="0" timestamp="15 Jul 2018 23:32:58 GMT" time="8.327" errors="0">
  <testcase name="setUp" time="8.327" classname="pageObjectModel.testingCybertek"/>
</testsuite> <!-- pageObjectModel.testingCybertek -->
